<?xml version="1.0" encoding="UTF-8"?>
<!-- Generated by org.testng.reporters.JUnitReportReporter -->
<testsuite hostname="Desktop-Marius" failures="0" tests="1" name="tests.LoginTest" time="25.819" errors="0" timestamp="2024-06-28T17:50:32 EEST" skipped="0">
  <testcase classname="tests.LoginTest" name="loginTest" time="25.819"/>
  <system-out/>
</testsuite> <!-- tests.LoginTest -->
